E:\UNIQUE\QT\QT\DEBUG\QT.OBJ
E:\UNIQUE\QT\QT\DEBUG\MOC_MYLABEL.OBJ
E:\UNIQUE\QT\QT\DEBUG\MAIN.OBJ
E:\UNIQUE\QT\QT\DEBUG\MOC_QT.OBJ
E:\UNIQUE\QT\QT\DEBUG\VC110.PDB
E:\UNIQUE\QT\QT\DEBUG\QRC_QT.OBJ
E:\UNIQUE\QT\QT\GENERATEDFILES\QRC_QT.CPP
E:\UNIQUE\QT\QT\GENERATEDFILES\UI_QT.H
E:\UNIQUE\QT\QT\GENERATEDFILES\DEBUG\MOC_MYLABEL.CPP
E:\UNIQUE\QT\QT\GENERATEDFILES\DEBUG\MOC_QT.CPP
E:\unique\qt\qt\Debug\main.obj
E:\unique\qt\qt\Debug\moc_MyLabel.obj
E:\unique\qt\qt\Debug\moc_qt.obj
E:\unique\qt\qt\Debug\qrc_qt.obj
E:\unique\qt\qt\Debug\qt.obj
E:\unique\qt\qt\Debug\cl.command.1.tlog
E:\unique\qt\qt\Debug\CL.read.1.tlog
E:\unique\qt\qt\Debug\CL.write.1.tlog
E:\unique\qt\qt\Debug\custombuild.command.1.tlog
E:\unique\qt\qt\Debug\custombuild.read.1.tlog
E:\unique\qt\qt\Debug\custombuild.write.1.tlog
E:\unique\qt\qt\Debug\link-cvtres.read.1.tlog
E:\unique\qt\qt\Debug\link-cvtres.write.1.tlog
E:\unique\qt\qt\Debug\link-rc.read.1.tlog
E:\unique\qt\qt\Debug\link-rc.write.1.tlog
E:\unique\qt\qt\Debug\link.10128-cvtres.read.1.tlog
E:\unique\qt\qt\Debug\link.10128-cvtres.write.1.tlog
E:\unique\qt\qt\Debug\link.10128-rc.read.1.tlog
E:\unique\qt\qt\Debug\link.10128-rc.write.1.tlog
E:\unique\qt\qt\Debug\link.10128.read.1.tlog
E:\unique\qt\qt\Debug\link.10128.write.1.tlog
E:\unique\qt\qt\Debug\link.10164-cvtres.read.1.tlog
E:\unique\qt\qt\Debug\link.10164-cvtres.write.1.tlog
E:\unique\qt\qt\Debug\link.10164-rc.read.1.tlog
E:\unique\qt\qt\Debug\link.10164-rc.write.1.tlog
E:\unique\qt\qt\Debug\link.10164.read.1.tlog
E:\unique\qt\qt\Debug\link.10164.write.1.tlog
E:\unique\qt\qt\Debug\link.10172-cvtres.read.1.tlog
E:\unique\qt\qt\Debug\link.10172-cvtres.write.1.tlog
E:\unique\qt\qt\Debug\link.10172-rc.read.1.tlog
E:\unique\qt\qt\Debug\link.10172-rc.write.1.tlog
E:\unique\qt\qt\Debug\link.10172.read.1.tlog
E:\unique\qt\qt\Debug\link.10172.write.1.tlog
E:\unique\qt\qt\Debug\link.10300-cvtres.read.1.tlog
E:\unique\qt\qt\Debug\link.10300-cvtres.write.1.tlog
E:\unique\qt\qt\Debug\link.10300-rc.read.1.tlog
E:\unique\qt\qt\Debug\link.10300-rc.write.1.tlog
E:\unique\qt\qt\Debug\link.10300.read.1.tlog
E:\unique\qt\qt\Debug\link.10300.write.1.tlog
E:\unique\qt\qt\Debug\link.10524-cvtres.read.1.tlog
E:\unique\qt\qt\Debug\link.10524-cvtres.write.1.tlog
E:\unique\qt\qt\Debug\link.10524-rc.read.1.tlog
E:\unique\qt\qt\Debug\link.10524-rc.write.1.tlog
E:\unique\qt\qt\Debug\link.10524.read.1.tlog
E:\unique\qt\qt\Debug\link.10524.write.1.tlog
E:\unique\qt\qt\Debug\link.10672-cvtres.read.1.tlog
E:\unique\qt\qt\Debug\link.10672-cvtres.write.1.tlog
E:\unique\qt\qt\Debug\link.10672-rc.read.1.tlog
E:\unique\qt\qt\Debug\link.10672-rc.write.1.tlog
E:\unique\qt\qt\Debug\link.10672.read.1.tlog
E:\unique\qt\qt\Debug\link.10672.write.1.tlog
E:\unique\qt\qt\Debug\link.10704-cvtres.read.1.tlog
E:\unique\qt\qt\Debug\link.10704-cvtres.write.1.tlog
E:\unique\qt\qt\Debug\link.10704-rc.read.1.tlog
E:\unique\qt\qt\Debug\link.10704-rc.write.1.tlog
E:\unique\qt\qt\Debug\link.10704.read.1.tlog
E:\unique\qt\qt\Debug\link.10704.write.1.tlog
E:\unique\qt\qt\Debug\link.10848-cvtres.read.1.tlog
E:\unique\qt\qt\Debug\link.10848-cvtres.write.1.tlog
E:\unique\qt\qt\Debug\link.10848-rc.read.1.tlog
E:\unique\qt\qt\Debug\link.10848-rc.write.1.tlog
E:\unique\qt\qt\Debug\link.10848.read.1.tlog
E:\unique\qt\qt\Debug\link.10848.write.1.tlog
E:\unique\qt\qt\Debug\link.10860-cvtres.read.1.tlog
E:\unique\qt\qt\Debug\link.10860-cvtres.write.1.tlog
E:\unique\qt\qt\Debug\link.10860-rc.read.1.tlog
E:\unique\qt\qt\Debug\link.10860-rc.write.1.tlog
E:\unique\qt\qt\Debug\link.10860.read.1.tlog
E:\unique\qt\qt\Debug\link.10860.write.1.tlog
E:\unique\qt\qt\Debug\link.10944-cvtres.read.1.tlog
E:\unique\qt\qt\Debug\link.10944-cvtres.write.1.tlog
E:\unique\qt\qt\Debug\link.10944-rc.read.1.tlog
E:\unique\qt\qt\Debug\link.10944-rc.write.1.tlog
E:\unique\qt\qt\Debug\link.10944.read.1.tlog
E:\unique\qt\qt\Debug\link.10944.write.1.tlog
E:\unique\qt\qt\Debug\link.11036-cvtres.read.1.tlog
E:\unique\qt\qt\Debug\link.11036-cvtres.write.1.tlog
E:\unique\qt\qt\Debug\link.11036-rc.read.1.tlog
E:\unique\qt\qt\Debug\link.11036-rc.write.1.tlog
E:\unique\qt\qt\Debug\link.11036.read.1.tlog
E:\unique\qt\qt\Debug\link.11036.write.1.tlog
E:\unique\qt\qt\Debug\link.11236-cvtres.read.1.tlog
E:\unique\qt\qt\Debug\link.11236-cvtres.write.1.tlog
E:\unique\qt\qt\Debug\link.11236-rc.read.1.tlog
E:\unique\qt\qt\Debug\link.11236-rc.write.1.tlog
E:\unique\qt\qt\Debug\link.11236.read.1.tlog
E:\unique\qt\qt\Debug\link.11236.write.1.tlog
E:\unique\qt\qt\Debug\link.11320-cvtres.read.1.tlog
E:\unique\qt\qt\Debug\link.11320-cvtres.write.1.tlog
E:\unique\qt\qt\Debug\link.11320-rc.read.1.tlog
E:\unique\qt\qt\Debug\link.11320-rc.write.1.tlog
E:\unique\qt\qt\Debug\link.11320.read.1.tlog
E:\unique\qt\qt\Debug\link.11320.write.1.tlog
E:\unique\qt\qt\Debug\link.11392-cvtres.read.1.tlog
E:\unique\qt\qt\Debug\link.11392-cvtres.write.1.tlog
E:\unique\qt\qt\Debug\link.11392-rc.read.1.tlog
E:\unique\qt\qt\Debug\link.11392-rc.write.1.tlog
E:\unique\qt\qt\Debug\link.11392.read.1.tlog
E:\unique\qt\qt\Debug\link.11392.write.1.tlog
E:\unique\qt\qt\Debug\link.11716-cvtres.read.1.tlog
E:\unique\qt\qt\Debug\link.11716-cvtres.write.1.tlog
E:\unique\qt\qt\Debug\link.11716-rc.read.1.tlog
E:\unique\qt\qt\Debug\link.11716-rc.write.1.tlog
E:\unique\qt\qt\Debug\link.11716.read.1.tlog
E:\unique\qt\qt\Debug\link.11716.write.1.tlog
E:\unique\qt\qt\Debug\link.11772-cvtres.read.1.tlog
E:\unique\qt\qt\Debug\link.11772-cvtres.write.1.tlog
E:\unique\qt\qt\Debug\link.11772-rc.read.1.tlog
E:\unique\qt\qt\Debug\link.11772-rc.write.1.tlog
E:\unique\qt\qt\Debug\link.11772.read.1.tlog
E:\unique\qt\qt\Debug\link.11772.write.1.tlog
E:\unique\qt\qt\Debug\link.11828-cvtres.read.1.tlog
E:\unique\qt\qt\Debug\link.11828-cvtres.write.1.tlog
E:\unique\qt\qt\Debug\link.11828-rc.read.1.tlog
E:\unique\qt\qt\Debug\link.11828-rc.write.1.tlog
E:\unique\qt\qt\Debug\link.11828.read.1.tlog
E:\unique\qt\qt\Debug\link.11828.write.1.tlog
E:\unique\qt\qt\Debug\link.11860-cvtres.read.1.tlog
E:\unique\qt\qt\Debug\link.11860-cvtres.write.1.tlog
E:\unique\qt\qt\Debug\link.11860-rc.read.1.tlog
E:\unique\qt\qt\Debug\link.11860-rc.write.1.tlog
E:\unique\qt\qt\Debug\link.11860.read.1.tlog
E:\unique\qt\qt\Debug\link.11860.write.1.tlog
E:\unique\qt\qt\Debug\link.11888-cvtres.read.1.tlog
E:\unique\qt\qt\Debug\link.11888-cvtres.write.1.tlog
E:\unique\qt\qt\Debug\link.11888-rc.read.1.tlog
E:\unique\qt\qt\Debug\link.11888-rc.write.1.tlog
E:\unique\qt\qt\Debug\link.11888.read.1.tlog
E:\unique\qt\qt\Debug\link.11888.write.1.tlog
E:\unique\qt\qt\Debug\link.12344-cvtres.read.1.tlog
E:\unique\qt\qt\Debug\link.12344-cvtres.write.1.tlog
E:\unique\qt\qt\Debug\link.12344-rc.read.1.tlog
E:\unique\qt\qt\Debug\link.12344-rc.write.1.tlog
E:\unique\qt\qt\Debug\link.12344.read.1.tlog
E:\unique\qt\qt\Debug\link.12344.write.1.tlog
E:\unique\qt\qt\Debug\link.13184-cvtres.read.1.tlog
E:\unique\qt\qt\Debug\link.13184-cvtres.write.1.tlog
E:\unique\qt\qt\Debug\link.13184-rc.read.1.tlog
E:\unique\qt\qt\Debug\link.13184-rc.write.1.tlog
E:\unique\qt\qt\Debug\link.13184.read.1.tlog
E:\unique\qt\qt\Debug\link.13184.write.1.tlog
E:\unique\qt\qt\Debug\link.13248-cvtres.read.1.tlog
E:\unique\qt\qt\Debug\link.13248-cvtres.write.1.tlog
E:\unique\qt\qt\Debug\link.13248-rc.read.1.tlog
E:\unique\qt\qt\Debug\link.13248-rc.write.1.tlog
E:\unique\qt\qt\Debug\link.13248.read.1.tlog
E:\unique\qt\qt\Debug\link.13248.write.1.tlog
E:\unique\qt\qt\Debug\link.13276-cvtres.read.1.tlog
E:\unique\qt\qt\Debug\link.13276-cvtres.write.1.tlog
E:\unique\qt\qt\Debug\link.13276-rc.read.1.tlog
E:\unique\qt\qt\Debug\link.13276-rc.write.1.tlog
E:\unique\qt\qt\Debug\link.13276.read.1.tlog
E:\unique\qt\qt\Debug\link.13276.write.1.tlog
E:\unique\qt\qt\Debug\link.1392-cvtres.read.1.tlog
E:\unique\qt\qt\Debug\link.1392-cvtres.write.1.tlog
E:\unique\qt\qt\Debug\link.1392-rc.read.1.tlog
E:\unique\qt\qt\Debug\link.1392-rc.write.1.tlog
E:\unique\qt\qt\Debug\link.1392.read.1.tlog
E:\unique\qt\qt\Debug\link.1392.write.1.tlog
E:\unique\qt\qt\Debug\link.2712-cvtres.read.1.tlog
E:\unique\qt\qt\Debug\link.2712-cvtres.write.1.tlog
E:\unique\qt\qt\Debug\link.2712-rc.read.1.tlog
E:\unique\qt\qt\Debug\link.2712-rc.write.1.tlog
E:\unique\qt\qt\Debug\link.2712.read.1.tlog
E:\unique\qt\qt\Debug\link.2712.write.1.tlog
E:\unique\qt\qt\Debug\link.4632-cvtres.read.1.tlog
E:\unique\qt\qt\Debug\link.4632-cvtres.write.1.tlog
E:\unique\qt\qt\Debug\link.4632-rc.read.1.tlog
E:\unique\qt\qt\Debug\link.4632-rc.write.1.tlog
E:\unique\qt\qt\Debug\link.4632.read.1.tlog
E:\unique\qt\qt\Debug\link.4632.write.1.tlog
E:\unique\qt\qt\Debug\link.4920-cvtres.read.1.tlog
E:\unique\qt\qt\Debug\link.4920-cvtres.write.1.tlog
E:\unique\qt\qt\Debug\link.4920-rc.read.1.tlog
E:\unique\qt\qt\Debug\link.4920-rc.write.1.tlog
E:\unique\qt\qt\Debug\link.4920.read.1.tlog
E:\unique\qt\qt\Debug\link.4920.write.1.tlog
E:\unique\qt\qt\Debug\link.5696-cvtres.read.1.tlog
E:\unique\qt\qt\Debug\link.5696-cvtres.write.1.tlog
E:\unique\qt\qt\Debug\link.5696-rc.read.1.tlog
E:\unique\qt\qt\Debug\link.5696-rc.write.1.tlog
E:\unique\qt\qt\Debug\link.5696.read.1.tlog
E:\unique\qt\qt\Debug\link.5696.write.1.tlog
E:\unique\qt\qt\Debug\link.6408-cvtres.read.1.tlog
E:\unique\qt\qt\Debug\link.6408-cvtres.write.1.tlog
E:\unique\qt\qt\Debug\link.6408-rc.read.1.tlog
E:\unique\qt\qt\Debug\link.6408-rc.write.1.tlog
E:\unique\qt\qt\Debug\link.6408.read.1.tlog
E:\unique\qt\qt\Debug\link.6408.write.1.tlog
E:\unique\qt\qt\Debug\link.7080-cvtres.read.1.tlog
E:\unique\qt\qt\Debug\link.7080-cvtres.write.1.tlog
E:\unique\qt\qt\Debug\link.7080-rc.read.1.tlog
E:\unique\qt\qt\Debug\link.7080-rc.write.1.tlog
E:\unique\qt\qt\Debug\link.7080.read.1.tlog
E:\unique\qt\qt\Debug\link.7080.write.1.tlog
E:\unique\qt\qt\Debug\link.7336-cvtres.read.1.tlog
E:\unique\qt\qt\Debug\link.7336-cvtres.write.1.tlog
E:\unique\qt\qt\Debug\link.7336-rc.read.1.tlog
E:\unique\qt\qt\Debug\link.7336-rc.write.1.tlog
E:\unique\qt\qt\Debug\link.7336.read.1.tlog
E:\unique\qt\qt\Debug\link.7336.write.1.tlog
E:\unique\qt\qt\Debug\link.7740-cvtres.read.1.tlog
E:\unique\qt\qt\Debug\link.7740-cvtres.write.1.tlog
E:\unique\qt\qt\Debug\link.7740-rc.read.1.tlog
E:\unique\qt\qt\Debug\link.7740-rc.write.1.tlog
E:\unique\qt\qt\Debug\link.7740.read.1.tlog
E:\unique\qt\qt\Debug\link.7740.write.1.tlog
E:\unique\qt\qt\Debug\link.8168-cvtres.read.1.tlog
E:\unique\qt\qt\Debug\link.8168-cvtres.write.1.tlog
E:\unique\qt\qt\Debug\link.8168-rc.read.1.tlog
E:\unique\qt\qt\Debug\link.8168-rc.write.1.tlog
E:\unique\qt\qt\Debug\link.8168.read.1.tlog
E:\unique\qt\qt\Debug\link.8168.write.1.tlog
E:\unique\qt\qt\Debug\link.8224-cvtres.read.1.tlog
E:\unique\qt\qt\Debug\link.8224-cvtres.write.1.tlog
E:\unique\qt\qt\Debug\link.8224-rc.read.1.tlog
E:\unique\qt\qt\Debug\link.8224-rc.write.1.tlog
E:\unique\qt\qt\Debug\link.8224.read.1.tlog
E:\unique\qt\qt\Debug\link.8224.write.1.tlog
E:\unique\qt\qt\Debug\link.8240-cvtres.read.1.tlog
E:\unique\qt\qt\Debug\link.8240-cvtres.write.1.tlog
E:\unique\qt\qt\Debug\link.8240-rc.read.1.tlog
E:\unique\qt\qt\Debug\link.8240-rc.write.1.tlog
E:\unique\qt\qt\Debug\link.8240.read.1.tlog
E:\unique\qt\qt\Debug\link.8240.write.1.tlog
E:\unique\qt\qt\Debug\link.8868-cvtres.read.1.tlog
E:\unique\qt\qt\Debug\link.8868-cvtres.write.1.tlog
E:\unique\qt\qt\Debug\link.8868-rc.read.1.tlog
E:\unique\qt\qt\Debug\link.8868-rc.write.1.tlog
E:\unique\qt\qt\Debug\link.8868.read.1.tlog
E:\unique\qt\qt\Debug\link.8868.write.1.tlog
E:\unique\qt\qt\Debug\link.9012-cvtres.read.1.tlog
E:\unique\qt\qt\Debug\link.9012-cvtres.write.1.tlog
E:\unique\qt\qt\Debug\link.9012-rc.read.1.tlog
E:\unique\qt\qt\Debug\link.9012-rc.write.1.tlog
E:\unique\qt\qt\Debug\link.9012.read.1.tlog
E:\unique\qt\qt\Debug\link.9012.write.1.tlog
E:\unique\qt\qt\Debug\link.9204-cvtres.read.1.tlog
E:\unique\qt\qt\Debug\link.9204-cvtres.write.1.tlog
E:\unique\qt\qt\Debug\link.9204-rc.read.1.tlog
E:\unique\qt\qt\Debug\link.9204-rc.write.1.tlog
E:\unique\qt\qt\Debug\link.9204.read.1.tlog
E:\unique\qt\qt\Debug\link.9204.write.1.tlog
E:\unique\qt\qt\Debug\link.command.1.tlog
E:\unique\qt\qt\Debug\link.read.1.tlog
E:\unique\qt\qt\Debug\link.write.1.tlog
E:\unique\qt\qt\Debug\vc110.pdb
E:\unique\qt\Win32\Debug\qt.pdb
